  Balanced Parentheses.c
  main.c
E:\Workspace\Vistual Studio\Balanced Parentheses\main.c(41,25): warning C4047: 'function': 'ST_stack_t *' differs in levels of indirection from 'ST_stack_t **'
E:\Workspace\Vistual Studio\Balanced Parentheses\main.c(41,19): warning C4024: 'createEmptyStack': different types for formal and actual parameter 1
E:\Workspace\Vistual Studio\Balanced Parentheses\main.c(44,21): warning C4047: 'function': 'ST_stack_t *' differs in levels of indirection from 'ST_stack_t **'
E:\Workspace\Vistual Studio\Balanced Parentheses\main.c(44,15): warning C4024: 'push': different types for formal and actual parameter 1
E:\Workspace\Vistual Studio\Balanced Parentheses\main.c(49,21): warning C4047: 'function': 'ST_stack_t *' differs in levels of indirection from 'ST_stack_t **'
E:\Workspace\Vistual Studio\Balanced Parentheses\main.c(49,15): warning C4024: 'push': different types for formal and actual parameter 1
E:\Workspace\Vistual Studio\Balanced Parentheses\main.c(54,21): warning C4047: 'function': 'ST_stack_t *' differs in levels of indirection from 'ST_stack_t **'
E:\Workspace\Vistual Studio\Balanced Parentheses\main.c(54,15): warning C4024: 'push': different types for formal and actual parameter 1
E:\Workspace\Vistual Studio\Balanced Parentheses\main.c(59,21): warning C4047: 'function': 'ST_stack_t *' differs in levels of indirection from 'ST_stack_t **'
E:\Workspace\Vistual Studio\Balanced Parentheses\main.c(59,15): warning C4024: 'push': different types for formal and actual parameter 1
E:\Workspace\Vistual Studio\Balanced Parentheses\main.c(64,21): warning C4047: 'function': 'ST_stack_t *' differs in levels of indirection from 'ST_stack_t **'
E:\Workspace\Vistual Studio\Balanced Parentheses\main.c(64,15): warning C4024: 'push': different types for formal and actual parameter 1
E:\Workspace\Vistual Studio\Balanced Parentheses\main.c(70,27): warning C4047: 'function': 'ST_stack_t *' differs in levels of indirection from 'ST_stack_t **'
E:\Workspace\Vistual Studio\Balanced Parentheses\main.c(70,21): warning C4024: 'printStack': different types for formal and actual parameter 1
E:\Workspace\Vistual Studio\Balanced Parentheses\main.c(76,20): warning C4047: 'function': 'ST_stack_t *' differs in levels of indirection from 'ST_stack_t **'
E:\Workspace\Vistual Studio\Balanced Parentheses\main.c(76,14): warning C4024: 'pop': different types for formal and actual parameter 1
E:\Workspace\Vistual Studio\Balanced Parentheses\main.c(86,28): warning C4047: 'function': 'ST_stack_t *' differs in levels of indirection from 'ST_stack_t **'
E:\Workspace\Vistual Studio\Balanced Parentheses\main.c(86,22): warning C4024: 'getStackTop': different types for formal and actual parameter 1
E:\Workspace\Vistual Studio\Balanced Parentheses\main.c(96,27): warning C4047: 'function': 'ST_stack_t *' differs in levels of indirection from 'ST_stack_t **'
E:\Workspace\Vistual Studio\Balanced Parentheses\main.c(96,21): warning C4024: 'printStack': different types for formal and actual parameter 1
E:\Workspace\Vistual Studio\Balanced Parentheses\main.c(104,21): warning C4047: 'function': 'ST_stack_t *' differs in levels of indirection from 'ST_stack_t **'
E:\Workspace\Vistual Studio\Balanced Parentheses\main.c(104,15): warning C4024: 'push': different types for formal and actual parameter 1
E:\Workspace\Vistual Studio\Balanced Parentheses\main.c(109,21): warning C4047: 'function': 'ST_stack_t *' differs in levels of indirection from 'ST_stack_t **'
E:\Workspace\Vistual Studio\Balanced Parentheses\main.c(109,15): warning C4024: 'push': different types for formal and actual parameter 1
E:\Workspace\Vistual Studio\Balanced Parentheses\main.c(114,21): warning C4047: 'function': 'ST_stack_t *' differs in levels of indirection from 'ST_stack_t **'
E:\Workspace\Vistual Studio\Balanced Parentheses\main.c(114,15): warning C4024: 'push': different types for formal and actual parameter 1
E:\Workspace\Vistual Studio\Balanced Parentheses\main.c(119,21): warning C4047: 'function': 'ST_stack_t *' differs in levels of indirection from 'ST_stack_t **'
E:\Workspace\Vistual Studio\Balanced Parentheses\main.c(119,15): warning C4024: 'push': different types for formal and actual parameter 1
E:\Workspace\Vistual Studio\Balanced Parentheses\main.c(124,21): warning C4047: 'function': 'ST_stack_t *' differs in levels of indirection from 'ST_stack_t **'
E:\Workspace\Vistual Studio\Balanced Parentheses\main.c(124,15): warning C4024: 'push': different types for formal and actual parameter 1
E:\Workspace\Vistual Studio\Balanced Parentheses\main.c(129,21): warning C4047: 'function': 'ST_stack_t *' differs in levels of indirection from 'ST_stack_t **'
E:\Workspace\Vistual Studio\Balanced Parentheses\main.c(129,15): warning C4024: 'push': different types for formal and actual parameter 1
E:\Workspace\Vistual Studio\Balanced Parentheses\main.c(134,21): warning C4047: 'function': 'ST_stack_t *' differs in levels of indirection from 'ST_stack_t **'
E:\Workspace\Vistual Studio\Balanced Parentheses\main.c(134,15): warning C4024: 'push': different types for formal and actual parameter 1
E:\Workspace\Vistual Studio\Balanced Parentheses\main.c(140,28): warning C4047: 'function': 'ST_stack_t *' differs in levels of indirection from 'ST_stack_t **'
E:\Workspace\Vistual Studio\Balanced Parentheses\main.c(140,22): warning C4024: 'getStackTop': different types for formal and actual parameter 1
E:\Workspace\Vistual Studio\Balanced Parentheses\main.c(150,27): warning C4047: 'function': 'ST_stack_t *' differs in levels of indirection from 'ST_stack_t **'
E:\Workspace\Vistual Studio\Balanced Parentheses\main.c(150,21): warning C4024: 'printStack': different types for formal and actual parameter 1
E:\Workspace\Vistual Studio\Balanced Parentheses\main.c(156,20): warning C4047: 'function': 'ST_stack_t *' differs in levels of indirection from 'ST_stack_t **'
E:\Workspace\Vistual Studio\Balanced Parentheses\main.c(156,14): warning C4024: 'pop': different types for formal and actual parameter 1
E:\Workspace\Vistual Studio\Balanced Parentheses\main.c(164,20): warning C4047: 'function': 'ST_stack_t *' differs in levels of indirection from 'ST_stack_t **'
E:\Workspace\Vistual Studio\Balanced Parentheses\main.c(164,14): warning C4024: 'pop': different types for formal and actual parameter 1
E:\Workspace\Vistual Studio\Balanced Parentheses\main.c(172,20): warning C4047: 'function': 'ST_stack_t *' differs in levels of indirection from 'ST_stack_t **'
E:\Workspace\Vistual Studio\Balanced Parentheses\main.c(172,14): warning C4024: 'pop': different types for formal and actual parameter 1
E:\Workspace\Vistual Studio\Balanced Parentheses\main.c(180,20): warning C4047: 'function': 'ST_stack_t *' differs in levels of indirection from 'ST_stack_t **'
E:\Workspace\Vistual Studio\Balanced Parentheses\main.c(180,14): warning C4024: 'pop': different types for formal and actual parameter 1
E:\Workspace\Vistual Studio\Balanced Parentheses\main.c(189,28): warning C4047: 'function': 'ST_stack_t *' differs in levels of indirection from 'ST_stack_t **'
E:\Workspace\Vistual Studio\Balanced Parentheses\main.c(189,22): warning C4024: 'getStackTop': different types for formal and actual parameter 1
E:\Workspace\Vistual Studio\Balanced Parentheses\main.c(199,27): warning C4047: 'function': 'ST_stack_t *' differs in levels of indirection from 'ST_stack_t **'
E:\Workspace\Vistual Studio\Balanced Parentheses\main.c(199,21): warning C4024: 'printStack': different types for formal and actual parameter 1
E:\Workspace\Vistual Studio\Balanced Parentheses\main.c(205,20): warning C4047: 'function': 'ST_stack_t *' differs in levels of indirection from 'ST_stack_t **'
E:\Workspace\Vistual Studio\Balanced Parentheses\main.c(205,14): warning C4024: 'pop': different types for formal and actual parameter 1
E:\Workspace\Vistual Studio\Balanced Parentheses\main.c(214,20): warning C4047: 'function': 'ST_stack_t *' differs in levels of indirection from 'ST_stack_t **'
E:\Workspace\Vistual Studio\Balanced Parentheses\main.c(214,14): warning C4024: 'pop': different types for formal and actual parameter 1
E:\Workspace\Vistual Studio\Balanced Parentheses\main.c(222,20): warning C4047: 'function': 'ST_stack_t *' differs in levels of indirection from 'ST_stack_t **'
E:\Workspace\Vistual Studio\Balanced Parentheses\main.c(222,14): warning C4024: 'pop': different types for formal and actual parameter 1
E:\Workspace\Vistual Studio\Balanced Parentheses\main.c(230,20): warning C4047: 'function': 'ST_stack_t *' differs in levels of indirection from 'ST_stack_t **'
E:\Workspace\Vistual Studio\Balanced Parentheses\main.c(230,14): warning C4024: 'pop': different types for formal and actual parameter 1
E:\Workspace\Vistual Studio\Balanced Parentheses\main.c(238,20): warning C4047: 'function': 'ST_stack_t *' differs in levels of indirection from 'ST_stack_t **'
E:\Workspace\Vistual Studio\Balanced Parentheses\main.c(238,14): warning C4024: 'pop': different types for formal and actual parameter 1
E:\Workspace\Vistual Studio\Balanced Parentheses\main.c(246,20): warning C4047: 'function': 'ST_stack_t *' differs in levels of indirection from 'ST_stack_t **'
E:\Workspace\Vistual Studio\Balanced Parentheses\main.c(246,14): warning C4024: 'pop': different types for formal and actual parameter 1
E:\Workspace\Vistual Studio\Balanced Parentheses\main.c(254,20): warning C4047: 'function': 'ST_stack_t *' differs in levels of indirection from 'ST_stack_t **'
E:\Workspace\Vistual Studio\Balanced Parentheses\main.c(254,14): warning C4024: 'pop': different types for formal and actual parameter 1
E:\Workspace\Vistual Studio\Balanced Parentheses\main.c(264,28): warning C4047: 'function': 'ST_stack_t *' differs in levels of indirection from 'ST_stack_t **'
E:\Workspace\Vistual Studio\Balanced Parentheses\main.c(264,22): warning C4024: 'getStackTop': different types for formal and actual parameter 1
E:\Workspace\Vistual Studio\Balanced Parentheses\main.c(273,27): warning C4047: 'function': 'ST_stack_t *' differs in levels of indirection from 'ST_stack_t **'
E:\Workspace\Vistual Studio\Balanced Parentheses\main.c(273,21): warning C4024: 'printStack': different types for formal and actual parameter 1
  stack.c
  Generating Code...
  Balanced Parentheses.vcxproj -> E:\Workspace\Vistual Studio\Balanced Parentheses\x64\Debug\Balanced Parentheses.exe
